2025-06-20 13:27:30,338 - mmdet - INFO - Environment info:
------------------------------------------------------------
sys.platform: linux
Python: 3.8.20 (default, Oct  3 2024, 15:24:27) [GCC 11.2.0]
CUDA available: True
GPU 0,1: NVIDIA GeForce RTX 4090 D
CUDA_HOME: /usr/local/cuda
NVCC: Cuda compilation tools, release 11.8, V11.8.89
GCC: gcc (Ubuntu 9.4.0-1ubuntu1~20.04.2) 9.4.0
PyTorch: 1.13.0+cu116
PyTorch compiling details: PyTorch built with:
  - GCC 9.3
  - C++ Version: 201402
  - Intel(R) Math Kernel Library Version 2020.0.0 Product Build 20191122 for Intel(R) 64 architecture applications
  - Intel(R) MKL-DNN v2.6.0 (Git Hash 52b5f107dd9cf10910aaa19cb47f3abf9b349815)
  - OpenMP 201511 (a.k.a. OpenMP 4.5)
  - LAPACK is enabled (usually provided by MKL)
  - NNPACK is enabled
  - CPU capability usage: AVX2
  - CUDA Runtime 11.6
  - NVCC architecture flags: -gencode;arch=compute_37,code=sm_37;-gencode;arch=compute_50,code=sm_50;-gencode;arch=compute_60,code=sm_60;-gencode;arch=compute_70,code=sm_70;-gencode;arch=compute_75,code=sm_75;-gencode;arch=compute_80,code=sm_80;-gencode;arch=compute_86,code=sm_86
  - CuDNN 8.3.2  (built against CUDA 11.5)
  - Magma 2.6.1
  - Build settings: BLAS_INFO=mkl, BUILD_TYPE=Release, CUDA_VERSION=11.6, CUDNN_VERSION=8.3.2, CXX_COMPILER=/opt/rh/devtoolset-9/root/usr/bin/c++, CXX_FLAGS= -fabi-version=11 -Wno-deprecated -fvisibility-inlines-hidden -DUSE_PTHREADPOOL -fopenmp -DNDEBUG -DUSE_KINETO -DUSE_FBGEMM -DUSE_QNNPACK -DUSE_PYTORCH_QNNPACK -DUSE_XNNPACK -DSYMBOLICATE_MOBILE_DEBUG_HANDLE -DEDGE_PROFILER_USE_KINETO -O2 -fPIC -Wno-narrowing -Wall -Wextra -Werror=return-type -Werror=non-virtual-dtor -Wno-missing-field-initializers -Wno-type-limits -Wno-array-bounds -Wno-unknown-pragmas -Wunused-local-typedefs -Wno-unused-parameter -Wno-unused-function -Wno-unused-result -Wno-strict-overflow -Wno-strict-aliasing -Wno-error=deprecated-declarations -Wno-stringop-overflow -Wno-psabi -Wno-error=pedantic -Wno-error=redundant-decls -Wno-error=old-style-cast -fdiagnostics-color=always -faligned-new -Wno-unused-but-set-variable -Wno-maybe-uninitialized -fno-math-errno -fno-trapping-math -Werror=format -Werror=cast-function-type -Wno-stringop-overflow, LAPACK_INFO=mkl, PERF_WITH_AVX=1, PERF_WITH_AVX2=1, PERF_WITH_AVX512=1, TORCH_VERSION=1.13.0, USE_CUDA=ON, USE_CUDNN=ON, USE_EXCEPTION_PTR=1, USE_GFLAGS=OFF, USE_GLOG=OFF, USE_MKL=ON, USE_MKLDNN=ON, USE_MPI=OFF, USE_NCCL=ON, USE_NNPACK=ON, USE_OPENMP=ON, USE_ROCM=OFF, 

TorchVision: 0.14.0+cu116
OpenCV: 4.11.0
MMCV: 1.7.0
MMCV Compiler: GCC 9.3
MMCV CUDA Compiler: 11.6
MMDetection: 2.27.0
MMSegmentation: 0.30.0
MMDetection3D: 1.0.0rc6+3056288
spconv2.0: True
------------------------------------------------------------

2025-06-20 13:27:32,496 - mmdet - INFO - 分布式训练: False
2025-06-20 13:27:34,653 - mmdet - INFO - 配置:
point_cloud_range = [-54, -54, -5.0, 54, 54, 3.0]
class_names = [
    'car', 'truck', 'construction_vehicle', 'bus', 'trailer', 'barrier',
    'motorcycle', 'bicycle', 'pedestrian', 'traffic_cone'
]
dataset_type = 'NuScenesDataset'
data_root = 'data/nuscenes/'
input_modality = dict(
    use_lidar=True,
    use_camera=True,
    use_radar=False,
    use_map=False,
    use_external=False)
file_client_args = dict(backend='disk')
train_pipeline = [
    dict(type='LoadMultiViewImageFromFiles', to_float32=True),
    dict(
        type='LoadPointsFromFile',
        coord_type='LIDAR',
        load_dim=5,
        use_dim=5,
        file_client_args=dict(backend='disk')),
    dict(
        type='LoadPointsFromMultiSweeps',
        sweeps_num=9,
        use_dim=[0, 1, 2, 3, 4],
        file_client_args=dict(backend='disk'),
        pad_empty_sweeps=True,
        remove_close=True),
    dict(type='PhotoMetricDistortionMultiViewImage'),
    dict(type='LoadAnnotations3D', with_bbox_3d=True, with_label_3d=True),
    dict(
        type='PointsRangeFilter',
        point_cloud_range=[-54, -54, -5.0, 54, 54, 3.0]),
    dict(
        type='ObjectRangeFilter',
        point_cloud_range=[-54, -54, -5.0, 54, 54, 3.0]),
    dict(
        type='ObjectNameFilter',
        classes=[
            'car', 'truck', 'construction_vehicle', 'bus', 'trailer',
            'barrier', 'motorcycle', 'bicycle', 'pedestrian', 'traffic_cone'
        ]),
    dict(
        type='NormalizeMultiviewImage',
        mean=[103.53, 116.28, 123.675],
        std=[1.0, 1.0, 1.0],
        to_rgb=False),
    dict(type='PadMultiViewImage', size_divisor=32),
    dict(type='PointShuffle'),
    dict(
        type='DefaultFormatBundle3D',
        class_names=[
            'car', 'truck', 'construction_vehicle', 'bus', 'trailer',
            'barrier', 'motorcycle', 'bicycle', 'pedestrian', 'traffic_cone'
        ]),
    dict(
        type='Collect3D',
        keys=['points', 'img', 'gt_bboxes_3d', 'gt_labels_3d'])
]
test_pipeline = [
    dict(type='LoadMultiViewImageFromFiles', to_float32=True),
    dict(
        type='LoadPointsFromFile',
        coord_type='LIDAR',
        load_dim=5,
        use_dim=5,
        file_client_args=dict(backend='disk')),
    dict(
        type='LoadPointsFromMultiSweeps',
        sweeps_num=9,
        use_dim=[0, 1, 2, 3, 4],
        file_client_args=dict(backend='disk'),
        pad_empty_sweeps=True,
        remove_close=True),
    dict(
        type='NormalizeMultiviewImage',
        mean=[103.53, 116.28, 123.675],
        std=[1.0, 1.0, 1.0],
        to_rgb=False),
    dict(type='PadMultiViewImage', size_divisor=32),
    dict(
        type='MultiScaleFlipAug3D',
        img_scale=(1333, 800),
        pts_scale_ratio=1,
        flip=False,
        transforms=[
            dict(
                type='GlobalRotScaleTrans',
                rot_range=[0, 0],
                scale_ratio_range=[1.0, 1.0],
                translation_std=[0, 0, 0]),
            dict(type='RandomFlip3D'),
            dict(
                type='PointsRangeFilter',
                point_cloud_range=[-54, -54, -5.0, 54, 54, 3.0]),
            dict(
                type='DefaultFormatBundle3D',
                class_names=[
                    'car', 'truck', 'construction_vehicle', 'bus', 'trailer',
                    'barrier', 'motorcycle', 'bicycle', 'pedestrian',
                    'traffic_cone'
                ],
                with_label=False),
            dict(type='Collect3D', keys=['points', 'img'])
        ])
]
eval_pipeline = [
    dict(
        type='LoadPointsFromFile',
        coord_type='LIDAR',
        load_dim=5,
        use_dim=5,
        file_client_args=dict(backend='disk')),
    dict(
        type='LoadPointsFromMultiSweeps',
        sweeps_num=9,
        use_dim=[0, 1, 2, 3, 4],
        file_client_args=dict(backend='disk'),
        pad_empty_sweeps=True,
        remove_close=True),
    dict(
        type='DefaultFormatBundle3D',
        class_names=[
            'car', 'truck', 'construction_vehicle', 'bus', 'trailer',
            'barrier', 'motorcycle', 'bicycle', 'pedestrian', 'traffic_cone'
        ],
        with_label=False),
    dict(type='Collect3D', keys=['points'])
]
data = dict(
    samples_per_gpu=2,
    workers_per_gpu=4,
    train=dict(
        type='NuScenesDataset',
        data_root='data/nuscenes/',
        ann_file='data/nuscenes/nuscenes_infos_train.pkl',
        pipeline=[
            dict(type='LoadMultiViewImageFromFiles', to_float32=True),
            dict(
                type='LoadPointsFromFile',
                coord_type='LIDAR',
                load_dim=5,
                use_dim=5,
                file_client_args=dict(backend='disk')),
            dict(
                type='LoadPointsFromMultiSweeps',
                sweeps_num=9,
                use_dim=[0, 1, 2, 3, 4],
                file_client_args=dict(backend='disk'),
                pad_empty_sweeps=True,
                remove_close=True),
            dict(type='PhotoMetricDistortionMultiViewImage'),
            dict(
                type='LoadAnnotations3D',
                with_bbox_3d=True,
                with_label_3d=True),
            dict(
                type='PointsRangeFilter',
                point_cloud_range=[-54, -54, -5.0, 54, 54, 3.0]),
            dict(
                type='ObjectRangeFilter',
                point_cloud_range=[-54, -54, -5.0, 54, 54, 3.0]),
            dict(
                type='ObjectNameFilter',
                classes=[
                    'car', 'truck', 'construction_vehicle', 'bus', 'trailer',
                    'barrier', 'motorcycle', 'bicycle', 'pedestrian',
                    'traffic_cone'
                ]),
            dict(
                type='NormalizeMultiviewImage',
                mean=[103.53, 116.28, 123.675],
                std=[1.0, 1.0, 1.0],
                to_rgb=False),
            dict(type='PadMultiViewImage', size_divisor=32),
            dict(type='PointShuffle'),
            dict(
                type='DefaultFormatBundle3D',
                class_names=[
                    'car', 'truck', 'construction_vehicle', 'bus', 'trailer',
                    'barrier', 'motorcycle', 'bicycle', 'pedestrian',
                    'traffic_cone'
                ]),
            dict(
                type='Collect3D',
                keys=['points', 'img', 'gt_bboxes_3d', 'gt_labels_3d'])
        ],
        classes=[
            'car', 'truck', 'construction_vehicle', 'bus', 'trailer',
            'barrier', 'motorcycle', 'bicycle', 'pedestrian', 'traffic_cone'
        ],
        modality=dict(
            use_lidar=True,
            use_camera=True,
            use_radar=False,
            use_map=False,
            use_external=False),
        test_mode=False,
        box_type_3d='LiDAR',
        use_valid_flag=True),
    val=dict(
        type='NuScenesDataset',
        data_root='data/nuscenes/',
        ann_file='data/nuscenes/nuscenes_infos_val.pkl',
        pipeline=[
            dict(type='LoadMultiViewImageFromFiles', to_float32=True),
            dict(
                type='LoadPointsFromFile',
                coord_type='LIDAR',
                load_dim=5,
                use_dim=5,
                file_client_args=dict(backend='disk')),
            dict(
                type='LoadPointsFromMultiSweeps',
                sweeps_num=9,
                use_dim=[0, 1, 2, 3, 4],
                file_client_args=dict(backend='disk'),
                pad_empty_sweeps=True,
                remove_close=True),
            dict(
                type='NormalizeMultiviewImage',
                mean=[103.53, 116.28, 123.675],
                std=[1.0, 1.0, 1.0],
                to_rgb=False),
            dict(type='PadMultiViewImage', size_divisor=32),
            dict(
                type='MultiScaleFlipAug3D',
                img_scale=(1333, 800),
                pts_scale_ratio=1,
                flip=False,
                transforms=[
                    dict(
                        type='GlobalRotScaleTrans',
                        rot_range=[0, 0],
                        scale_ratio_range=[1.0, 1.0],
                        translation_std=[0, 0, 0]),
                    dict(type='RandomFlip3D'),
                    dict(
                        type='PointsRangeFilter',
                        point_cloud_range=[-54, -54, -5.0, 54, 54, 3.0]),
                    dict(
                        type='DefaultFormatBundle3D',
                        class_names=[
                            'car', 'truck', 'construction_vehicle', 'bus',
                            'trailer', 'barrier', 'motorcycle', 'bicycle',
                            'pedestrian', 'traffic_cone'
                        ],
                        with_label=False),
                    dict(type='Collect3D', keys=['points', 'img'])
                ])
        ],
        classes=[
            'car', 'truck', 'construction_vehicle', 'bus', 'trailer',
            'barrier', 'motorcycle', 'bicycle', 'pedestrian', 'traffic_cone'
        ],
        modality=dict(
            use_lidar=True,
            use_camera=True,
            use_radar=False,
            use_map=False,
            use_external=False),
        test_mode=True,
        box_type_3d='LiDAR'),
    test=dict(
        type='NuScenesDataset',
        data_root='data/nuscenes/',
        ann_file='data/nuscenes/nuscenes_infos_val.pkl',
        pipeline=[
            dict(type='LoadMultiViewImageFromFiles', to_float32=True),
            dict(
                type='LoadPointsFromFile',
                coord_type='LIDAR',
                load_dim=5,
                use_dim=5,
                file_client_args=dict(backend='disk')),
            dict(
                type='LoadPointsFromMultiSweeps',
                sweeps_num=9,
                use_dim=[0, 1, 2, 3, 4],
                file_client_args=dict(backend='disk'),
                pad_empty_sweeps=True,
                remove_close=True),
            dict(
                type='NormalizeMultiviewImage',
                mean=[103.53, 116.28, 123.675],
                std=[1.0, 1.0, 1.0],
                to_rgb=False),
            dict(type='PadMultiViewImage', size_divisor=32),
            dict(
                type='MultiScaleFlipAug3D',
                img_scale=(1333, 800),
                pts_scale_ratio=1,
                flip=False,
                transforms=[
                    dict(
                        type='GlobalRotScaleTrans',
                        rot_range=[0, 0],
                        scale_ratio_range=[1.0, 1.0],
                        translation_std=[0, 0, 0]),
                    dict(type='RandomFlip3D'),
                    dict(
                        type='PointsRangeFilter',
                        point_cloud_range=[-54, -54, -5.0, 54, 54, 3.0]),
                    dict(
                        type='DefaultFormatBundle3D',
                        class_names=[
                            'car', 'truck', 'construction_vehicle', 'bus',
                            'trailer', 'barrier', 'motorcycle', 'bicycle',
                            'pedestrian', 'traffic_cone'
                        ],
                        with_label=False),
                    dict(type='Collect3D', keys=['points', 'img'])
                ])
        ],
        classes=[
            'car', 'truck', 'construction_vehicle', 'bus', 'trailer',
            'barrier', 'motorcycle', 'bicycle', 'pedestrian', 'traffic_cone'
        ],
        modality=dict(
            use_lidar=True,
            use_camera=True,
            use_radar=False,
            use_map=False,
            use_external=False),
        test_mode=True,
        box_type_3d='LiDAR'))
evaluation = dict(
    interval=1,
    pipeline=[
        dict(
            type='LoadPointsFromFile',
            coord_type='LIDAR',
            load_dim=5,
            use_dim=5,
            file_client_args=dict(backend='disk')),
        dict(
            type='LoadPointsFromMultiSweeps',
            sweeps_num=10,
            file_client_args=dict(backend='disk')),
        dict(
            type='DefaultFormatBundle3D',
            class_names=[
                'car', 'truck', 'trailer', 'bus', 'construction_vehicle',
                'bicycle', 'motorcycle', 'pedestrian', 'traffic_cone',
                'barrier'
            ],
            with_label=False),
        dict(type='Collect3D', keys=['points'])
    ])
checkpoint_config = dict(interval=1, max_keep_ckpts=1)
log_config = dict(
    interval=50,
    hooks=[dict(type='TextLoggerHook'),
           dict(type='TensorboardLoggerHook')])
dist_params = dict(backend='nccl')
log_level = 'INFO'
work_dir = './work_dirs/lidar_0075v_cam_res_2x2_hednetmiddleencoder_hednetbackbone4_dss0511_dp03_hugeep2_num2_morton_conv_xy_rope_bs2/default'
load_from = 'pretrained/hedres_forced.pth'
resume_from = None
workflow = [('train', 1)]
opencv_num_threads = 0
mp_start_method = 'fork'
plugin = 'plugin/futr3d'
voxel_size = [0.075, 0.075, 0.2]
img_norm_cfg = dict(
    mean=[103.53, 116.28, 123.675], std=[1.0, 1.0, 1.0], to_rgb=False)
center_head = dict(
    type='CenterHead',
    in_channels=512,
    tasks=[
        dict(num_class=1, class_names=['car']),
        dict(num_class=2, class_names=['truck', 'construction_vehicle']),
        dict(num_class=2, class_names=['bus', 'trailer']),
        dict(num_class=1, class_names=['barrier']),
        dict(num_class=2, class_names=['motorcycle', 'bicycle']),
        dict(num_class=2, class_names=['pedestrian', 'traffic_cone'])
    ],
    common_heads=dict(
        reg=(2, 2), height=(1, 2), dim=(3, 2), rot=(2, 2), vel=(2, 2)),
    share_conv_channel=64,
    bbox_coder=dict(
        type='CenterPointBBoxCoder',
        pc_range=[-54, -54],
        post_center_range=[-61.2, -61.2, -10.0, 61.2, 61.2, 10.0],
        max_num=500,
        score_threshold=0.1,
        out_size_factor=8,
        voxel_size=[0.075, 0.075],
        code_size=9),
    separate_head=dict(type='SeparateHead', init_bias=-2.19, final_kernel=3),
    loss_cls=dict(type='GaussianFocalLoss', reduction='mean'),
    loss_bbox=dict(type='L1Loss', reduction='mean', loss_weight=0.25),
    norm_bbox=True)
model = dict(
    type='FUTR3D',
    use_lidar=True,
    use_camera=True,
    use_radar=False,
    use_grid_mask=True,
    freeze_backbone=True,
    img_backbone=dict(
        type='ResNet',
        depth=101,
        num_stages=4,
        out_indices=(0, 1, 2, 3),
        frozen_stages=1,
        norm_cfg=dict(type='BN2d', requires_grad=False),
        norm_eval=True,
        style='caffe',
        dcn=dict(type='DCNv2', deform_groups=1, fallback_on_stride=False),
        stage_with_dcn=(False, False, True, True)),
    img_neck=dict(
        type='FPN',
        in_channels=[256, 512, 1024, 2048],
        out_channels=256,
        start_level=1,
        add_extra_convs='on_output',
        num_outs=4,
        relu_before_extra_convs=True),
    pts_voxel_layer=dict(
        max_num_points=-1,
        voxel_size=[0.075, 0.075, 0.2],
        max_voxels=(-1, -1),
        point_cloud_range=[-54, -54, -5.0, 54, 54, 3.0]),
    pts_voxel_encoder=dict(
        type='DynamicVFE',
        in_channels=5,
        feat_channels=[64, 128],
        with_distance=False,
        with_cluster_center=True,
        with_voxel_center=True,
        voxel_size=[0.075, 0.075, 0.2],
        point_cloud_range=[-54, -54, -5.0, 54, 54, 3.0]),
    pts_middle_encoder=dict(
        type='HEDNet',
        in_channels=128,
        sparse_shape=[41, 1440, 1440],
        model_cfg=dict(
            FEATURE_DIM=128,
            NUM_LAYERS=2,
            NUM_SBB=[2, 1, 1],
            DOWN_STRIDE=[1, 2, 2],
            DOWN_KERNEL_SIZE=[3, 3, 3])),
    pts_backbone=dict(
        type='CascadeDEDBackbone',
        in_channels=256,
        model_cfg=dict(
            USE_SECONDMAMBA=False,
            FEATURE_DIM=256,
            NUM_LAYERS=4,
            NUM_SBB=[2, 1, 1],
            DOWN_STRIDES=[1, 2, 2])),
    pts_neck=dict(
        type='FPN',
        norm_cfg=dict(type='BN2d', eps=0.001, momentum=0.01),
        act_cfg=dict(type='ReLU', inplace=False),
        in_channels=[256],
        out_channels=256,
        start_level=0,
        add_extra_convs=True,
        num_outs=4,
        relu_before_extra_convs=True),
    pts_bbox_head=dict(
        type='FUTR3DHead',
        use_dab=True,
        use_dss=True,
        use_hybrid=False,
        dss_date_version='0511',
        dss_drop_prob=0.3,
        dss_mamba_version='DSSMamba_Huge_EP2',
        dss_num_layers=2,
        dss_use_morton=True,
        dss_use_conv=True,
        dss_use_xy=True,
        dss_use_rope=True,
        dss_stack=True,
        dss_strong_cls=True,
        anchor_size=3,
        num_query=900,
        num_classes=10,
        in_channels=256,
        pc_range=[-54, -54, -5.0, 54, 54, 3.0],
        sync_cls_avg_factor=True,
        with_box_refine=True,
        as_two_stage=False,
        code_weights=[1.0, 1.0, 1.0, 1.0, 1.0, 1.0, 1.0, 1.0, 0.2, 0.2],
        transformer=dict(
            type='FUTR3DTransformer',
            use_dab=True,
            decoder=dict(
                type='FUTR3DTransformerDecoder',
                num_layers=6,
                use_dab=True,
                anchor_size=3,
                return_intermediate=True,
                transformerlayers=dict(
                    type='DetrTransformerDecoderLayer',
                    attn_cfgs=[
                        dict(
                            type='MultiheadAttention',
                            embed_dims=256,
                            num_heads=8,
                            dropout=0.1),
                        dict(
                            type='FUTR3DAttention',
                            use_lidar=True,
                            use_camera=True,
                            use_radar=False,
                            pc_range=[-54, -54, -5.0, 54, 54, 3.0],
                            embed_dims=256)
                    ],
                    feedforward_channels=1024,
                    ffn_dropout=0.1,
                    operation_order=('self_attn', 'norm', 'cross_attn', 'norm',
                                     'ffn', 'norm')))),
        positional_encoding=dict(
            type='SinePositionalEncoding',
            num_feats=128,
            normalize=True,
            offset=-0.5),
        loss_cls=dict(
            type='FocalLoss',
            use_sigmoid=True,
            gamma=2.0,
            alpha=0.25,
            loss_weight=2.0),
        loss_bbox=dict(type='L1Loss', loss_weight=0.25),
        loss_iou=dict(type='GIoULoss', loss_weight=0)),
    train_cfg=dict(
        pts=dict(
            point_cloud_range=[-54, -54, -5.0, 54, 54, 3.0],
            pc_range=[-54, -54, -5.0, 54, 54, 3.0],
            grid_size=[1440, 1440, 40],
            voxel_size=[0.075, 0.075, 0.2],
            out_size_factor=8,
            dense_reg=1,
            gaussian_overlap=0.1,
            max_objs=500,
            min_radius=2,
            code_weights=[1.0, 1.0, 1.0, 1.0, 1.0, 1.0, 1.0, 1.0, 0.2, 0.2],
            assigner=dict(
                type='HungarianAssigner3D',
                cls_cost=dict(type='FocalLossCost', weight=2.0),
                reg_cost=dict(type='BBox3DL1Cost', weight=0.25),
                iou_cost=dict(type='IoUCost', weight=0)))),
    test_cfg=dict(
        pts=dict(
            pc_range=[-54, -54],
            post_center_limit_range=[-61.2, -61.2, -10.0, 61.2, 61.2, 10.0],
            max_per_img=500,
            max_pool_nms=False,
            min_radius=[4, 12, 10, 1, 0.85, 0.175],
            out_size_factor=8,
            voxel_size=[0.075, 0.075],
            nms_type='circle',
            pre_max_size=1000,
            post_max_size=83,
            nms_thr=0.2,
            max_num=300,
            score_threshold=0,
            post_center_range=[-61.2, -61.2, -10.0, 61.2, 61.2, 10.0])))
db_sampler = dict(
    data_root='data/nuscenes/',
    info_path='data/nuscenes/nuscenes_dbinfos_train.pkl',
    rate=1.0,
    prepare=dict(
        filter_by_difficulty=[-1],
        filter_by_min_points=dict(
            car=5,
            truck=5,
            bus=5,
            trailer=5,
            construction_vehicle=5,
            traffic_cone=5,
            barrier=5,
            motorcycle=5,
            bicycle=5,
            pedestrian=5)),
    classes=[
        'car', 'truck', 'construction_vehicle', 'bus', 'trailer', 'barrier',
        'motorcycle', 'bicycle', 'pedestrian', 'traffic_cone'
    ],
    sample_groups=dict(
        car=2,
        truck=3,
        construction_vehicle=7,
        bus=4,
        trailer=6,
        barrier=2,
        motorcycle=6,
        bicycle=6,
        pedestrian=2,
        traffic_cone=2),
    points_loader=dict(
        type='LoadPointsFromFile',
        coord_type='LIDAR',
        load_dim=5,
        use_dim=[0, 1, 2, 3, 4],
        file_client_args=dict(backend='disk')))
find_unused_parameters = True
runner = dict(type='EpochBasedRunner', max_epochs=6)
optimizer = dict(
    type='AdamW',
    lr=0.0002,
    paramwise_cfg=dict(
        custom_keys=dict(
            img_backbone=dict(lr_mult=0.1),
            img_neck=dict(lr_mult=0.1),
            pts_middle_encoder=dict(lr_mult=0.1),
            pts_backbone=dict(lr_mult=0.1),
            pts_neck=dict(lr_mult=0.1))),
    weight_decay=0.01)
optimizer_config = dict(grad_clip=dict(max_norm=35, norm_type=2))
lr_config = dict(
    policy='CosineAnnealing',
    warmup='linear',
    warmup_iters=500,
    warmup_ratio=0.3333333333333333,
    min_lr_ratio=0.001)
cudnn_benchmark = True
gpu_ids = [0]

2025-06-20 13:27:34,654 - mmdet - INFO - 设置随机种子为 0, deterministic: False
